[0.038s] Invoking command in '/home/gavin/ros2_ws/build/awc_msgs': /usr/bin/cmake /home/gavin/ros2_ws/src/awc_msgs -DCMAKE_INSTALL_PREFIX=/home/gavin/ros2_ws/install/awc_msgs
[0.049s] -- Found ament_cmake: 1.3.11 (/opt/ros/humble/share/ament_cmake/cmake)
[0.189s] -- Found geometry_msgs: 4.2.4 (/opt/ros/humble/share/geometry_msgs/cmake)
[0.206s] -- Found rosidl_generator_c: 3.1.6 (/opt/ros/humble/share/rosidl_generator_c/cmake)
[0.208s] -- Found rosidl_adapter: 3.1.6 (/opt/ros/humble/share/rosidl_adapter/cmake)
[0.212s] -- Found rosidl_generator_cpp: 3.1.6 (/opt/ros/humble/share/rosidl_generator_cpp/cmake)
[0.219s] -- Using all available rosidl_typesupport_c: rosidl_typesupport_fastrtps_c;rosidl_typesupport_introspection_c
[0.227s] -- Using all available rosidl_typesupport_cpp: rosidl_typesupport_fastrtps_cpp;rosidl_typesupport_introspection_cpp
[0.259s] -- Found rosidl_default_generators: 1.2.0 (/opt/ros/humble/share/rosidl_default_generators/cmake)
[0.437s] Error parsing '/home/gavin/ros2_ws/src/awc_msgs/package.xml':
[0.470s] Traceback (most recent call last):
[0.471s]   File "/usr/lib/python3/dist-packages/catkin_pkg/package.py", line 610, in parse_package_string
[0.471s]     root = dom.parseString(data)
[0.471s]   File "/usr/lib/python3.10/xml/dom/minidom.py", line 2000, in parseString
[0.471s]     return expatbuilder.parseString(string)
[0.471s]   File "/usr/lib/python3.10/xml/dom/expatbuilder.py", line 925, in parseString
[0.471s]     return builder.parseString(string)
[0.471s]   File "/usr/lib/python3.10/xml/dom/expatbuilder.py", line 223, in parseString
[0.471s]     parser.Parse(string, True)
[0.471s] xml.parsers.expat.ExpatError: XML or text declaration not at start of entity: line 2, column 0
[0.471s] 
[0.471s] During handling of the above exception, another exception occurred:
[0.471s] 
[0.472s] Traceback (most recent call last):
[0.472s]   File "/opt/ros/humble/share/ament_cmake_core/cmake/core/package_xml_2_cmake.py", line 150, in <module>
[0.472s]     main()
[0.472s]   File "/opt/ros/humble/share/ament_cmake_core/cmake/core/package_xml_2_cmake.py", line 53, in main
[0.472s]     raise e
[0.472s]   File "/opt/ros/humble/share/ament_cmake_core/cmake/core/package_xml_2_cmake.py", line 49, in main
[0.472s]     package = parse_package_string(
[0.472s]   File "/usr/lib/python3/dist-packages/catkin_pkg/package.py", line 612, in parse_package_string
[0.472s]     raise InvalidPackage('The manifest contains invalid XML:\n%s' % ex, filename)
[0.472s] catkin_pkg.package.InvalidPackage: Error(s) in package '/home/gavin/ros2_ws/src/awc_msgs/package.xml':
[0.472s] The manifest contains invalid XML:
[0.472s] XML or text declaration not at start of entity: line 2, column 0
[0.485s] [31mCMake Error at /opt/ros/humble/share/ament_cmake_core/cmake/core/ament_package_xml.cmake:95 (message):
[0.485s]   execute_process(/usr/bin/python3
[0.485s]   /opt/ros/humble/share/ament_cmake_core/cmake/core/package_xml_2_cmake.py
[0.485s]   /home/gavin/ros2_ws/src/awc_msgs/package.xml
[0.485s]   /home/gavin/ros2_ws/build/awc_msgs/ament_cmake_core/package.cmake) returned
[0.485s]   error code 1
[0.485s] Call Stack (most recent call first):
[0.485s]   /opt/ros/humble/share/ament_cmake_core/cmake/core/ament_package_xml.cmake:49 (_ament_package_xml)
[0.485s]   /opt/ros/humble/share/rosidl_cmake/cmake/rosidl_generate_interfaces.cmake:226 (ament_package_xml)
[0.485s]   CMakeLists.txt:15 (rosidl_generate_interfaces)
[0.485s] 
[0.485s] [0m
[0.485s] -- Configuring incomplete, errors occurred!
[0.486s] See also "/home/gavin/ros2_ws/build/awc_msgs/CMakeFiles/CMakeOutput.log".
[0.491s] Invoked command in '/home/gavin/ros2_ws/build/awc_msgs' returned '1': /usr/bin/cmake /home/gavin/ros2_ws/src/awc_msgs -DCMAKE_INSTALL_PREFIX=/home/gavin/ros2_ws/install/awc_msgs
